<?xml version="1.0" encoding="UTF-8"?>
<testng-results skipped="0" failed="1" total="2" passed="1">
  <reporter-output>
    <line>
      <![CDATA[<a href='C:\Users\kkdm943\workspace\Lightning_All_EmailSend\com.DemoSwag\target\surefire-reports\failure_screenshots\validLogin_07_01_2022_10_10_32.png'> <img src='C:\Users\kkdm943\workspace\Lightning_All_EmailSend\com.DemoSwag\target\surefire-reports\failure_screenshots\validLogin_07_01_2022_10_10_32.png' height='100' width='100'/> </a>]]>
    </line>
    <line>
      <![CDATA[<a href='C:\Users\kkdm943\workspace\Lightning_All_EmailSend\com.DemoSwag\target\surefire-reports\failure_screenshots\inValidLogin_07_01_2022_10_10_38.png'> <img src='C:\Users\kkdm943\workspace\Lightning_All_EmailSend\com.DemoSwag\target\surefire-reports\failure_screenshots\inValidLogin_07_01_2022_10_10_38.png' height='100' width='100'/> </a>]]>
    </line>
  </reporter-output>
  <suite name="Default suite" duration-ms="14585" started-at="2022-01-07T04:40:25Z" finished-at="2022-01-07T04:40:39Z">
    <groups>
    </groups>
    <test name="Default test" duration-ms="14585" started-at="2022-01-07T04:40:25Z" finished-at="2022-01-07T04:40:39Z">
      <class name="com.SwagLabs.TestCases.LoginToApplication">
        <test-method status="PASS" signature="launchBrowser()[pri:0, instance:com.SwagLabs.TestCases.LoginToApplication@51565ec2]" name="launchBrowser" is-config="true" duration-ms="6353" started-at="2022-01-07T10:10:25Z" finished-at="2022-01-07T10:10:31Z">
          <reporter-output>
          </reporter-output>
        </test-method> <!-- launchBrowser -->
        <test-method status="PASS" signature="validLogin()[pri:0, instance:com.SwagLabs.TestCases.LoginToApplication@51565ec2]" name="validLogin" duration-ms="672" started-at="2022-01-07T10:10:31Z" finished-at="2022-01-07T10:10:32Z">
          <reporter-output>
          </reporter-output>
        </test-method> <!-- validLogin -->
        <test-method status="PASS" signature="onTestFailure(org.testng.ITestResult)[pri:0, instance:com.SwagLabs.TestCases.LoginToApplication@51565ec2]" name="onTestFailure" is-config="true" duration-ms="456" started-at="2022-01-07T10:10:32Z" finished-at="2022-01-07T10:10:32Z">
          <params>
            <param index="0">
              <value>
                <![CDATA[[TestResult name=validLogin status=SUCCESS method=LoginToApplication.validLogin()[pri:0, instance:com.SwagLabs.TestCases.LoginToApplication@51565ec2] output={null}]]]>
              </value>
            </param>
          </params>
          <reporter-output>
            <line>
              <![CDATA[<a href='C:\Users\kkdm943\workspace\Lightning_All_EmailSend\com.DemoSwag\target\surefire-reports\failure_screenshots\validLogin_07_01_2022_10_10_32.png'> <img src='C:\Users\kkdm943\workspace\Lightning_All_EmailSend\com.DemoSwag\target\surefire-reports\failure_screenshots\validLogin_07_01_2022_10_10_32.png' height='100' width='100'/> </a>]]>
            </line>
          </reporter-output>
        </test-method> <!-- onTestFailure -->
        <test-method status="PASS" signature="tearDown()[pri:0, instance:com.SwagLabs.TestCases.LoginToApplication@51565ec2]" name="tearDown" is-config="true" duration-ms="975" started-at="2022-01-07T10:10:32Z" depends-on-methods="com.Swag.utilities.baseClass.onTestFailure" finished-at="2022-01-07T10:10:33Z">
          <reporter-output>
          </reporter-output>
        </test-method> <!-- tearDown -->
        <test-method status="PASS" signature="launchBrowser()[pri:0, instance:com.SwagLabs.TestCases.LoginToApplication@51565ec2]" name="launchBrowser" is-config="true" duration-ms="4482" started-at="2022-01-07T10:10:33Z" finished-at="2022-01-07T10:10:38Z">
          <reporter-output>
          </reporter-output>
        </test-method> <!-- launchBrowser -->
        <test-method status="FAIL" signature="inValidLogin()[pri:0, instance:com.SwagLabs.TestCases.LoginToApplication@51565ec2]" name="inValidLogin" duration-ms="433" started-at="2022-01-07T10:10:38Z" finished-at="2022-01-07T10:10:38Z">
          <exception class="junit.framework.AssertionFailedError">
            <message>
              <![CDATA[Invalid Crednetials. Please use Valid Credentials]]>
            </message>
            <full-stacktrace>
              <![CDATA[junit.framework.AssertionFailedError: Invalid Crednetials. Please use Valid Credentials
	at junit.framework.Assert.fail(Assert.java:57)
	at com.SwagLabs.TestCases.LoginToApplication.inValidLogin(LoginToApplication.java:40)
	at sun.reflect.NativeMethodAccessorImpl.invoke0(Native Method)
	at sun.reflect.NativeMethodAccessorImpl.invoke(Unknown Source)
	at sun.reflect.DelegatingMethodAccessorImpl.invoke(Unknown Source)
	at java.lang.reflect.Method.invoke(Unknown Source)
	at org.testng.internal.MethodInvocationHelper.invokeMethod(MethodInvocationHelper.java:85)
	at org.testng.internal.Invoker.invokeMethod(Invoker.java:663)
	at org.testng.internal.Invoker.invokeTestMethod(Invoker.java:849)
	at org.testng.internal.Invoker.invokeTestMethods(Invoker.java:1157)
	at org.testng.internal.TestMethodWorker.invokeTestMethods(TestMethodWorker.java:124)
	at org.testng.internal.TestMethodWorker.run(TestMethodWorker.java:108)
	at org.testng.TestRunner.privateRun(TestRunner.java:771)
	at org.testng.TestRunner.run(TestRunner.java:621)
	at org.testng.SuiteRunner.runTest(SuiteRunner.java:357)
	at org.testng.SuiteRunner.runSequentially(SuiteRunner.java:352)
	at org.testng.SuiteRunner.privateRun(SuiteRunner.java:310)
	at org.testng.SuiteRunner.run(SuiteRunner.java:259)
	at org.testng.SuiteRunnerWorker.runSuite(SuiteRunnerWorker.java:52)
	at org.testng.SuiteRunnerWorker.run(SuiteRunnerWorker.java:86)
	at org.testng.TestNG.runSuitesSequentially(TestNG.java:1200)
	at org.testng.TestNG.runSuitesLocally(TestNG.java:1125)
	at org.testng.TestNG.run(TestNG.java:1033)
	at org.testng.remote.RemoteTestNG.run(RemoteTestNG.java:111)
	at org.testng.remote.RemoteTestNG.initAndRun(RemoteTestNG.java:204)
	at org.testng.remote.RemoteTestNG.main(RemoteTestNG.java:175)
]]>
            </full-stacktrace>
          </exception> <!-- junit.framework.AssertionFailedError -->
          <reporter-output>
          </reporter-output>
        </test-method> <!-- inValidLogin -->
        <test-method status="PASS" signature="onTestFailure(org.testng.ITestResult)[pri:0, instance:com.SwagLabs.TestCases.LoginToApplication@51565ec2]" name="onTestFailure" is-config="true" duration-ms="172" started-at="2022-01-07T10:10:38Z" finished-at="2022-01-07T10:10:38Z">
          <params>
            <param index="0">
              <value>
                <![CDATA[[TestResult name=inValidLogin status=FAILURE method=LoginToApplication.inValidLogin()[pri:0, instance:com.SwagLabs.TestCases.LoginToApplication@51565ec2] output={null}]]]>
              </value>
            </param>
          </params>
          <reporter-output>
            <line>
              <![CDATA[<a href='C:\Users\kkdm943\workspace\Lightning_All_EmailSend\com.DemoSwag\target\surefire-reports\failure_screenshots\inValidLogin_07_01_2022_10_10_38.png'> <img src='C:\Users\kkdm943\workspace\Lightning_All_EmailSend\com.DemoSwag\target\surefire-reports\failure_screenshots\inValidLogin_07_01_2022_10_10_38.png' height='100' width='100'/> </a>]]>
            </line>
          </reporter-output>
        </test-method> <!-- onTestFailure -->
        <test-method status="PASS" signature="tearDown()[pri:0, instance:com.SwagLabs.TestCases.LoginToApplication@51565ec2]" name="tearDown" is-config="true" duration-ms="1017" started-at="2022-01-07T10:10:38Z" depends-on-methods="com.Swag.utilities.baseClass.onTestFailure" finished-at="2022-01-07T10:10:39Z">
          <reporter-output>
          </reporter-output>
        </test-method> <!-- tearDown -->
      </class> <!-- com.SwagLabs.TestCases.LoginToApplication -->
    </test> <!-- Default test -->
  </suite> <!-- Default suite -->
</testng-results>
